<?xml version="1.0" encoding="UTF-8"?>
<testsuite name="app.AppTest" tests="1" skipped="0" failures="0" errors="0" timestamp="2022-07-11T07:58:31" hostname="DESKTOP-I5GSO6T" time="0.12">
  <properties/>
  <testcase name="testGenDiffJSON()" classname="app.AppTest" time="0.12"/>
  <system-out><![CDATA[]]></system-out>
  <system-err><![CDATA[]]></system-err>
</testsuite>
