<?xml version="1.0" encoding="UTF-8"?>
<testsuite name="app.AppTest" tests="4" skipped="0" failures="0" errors="0" timestamp="2022-07-21T11:13:48" hostname="DESKTOP-I5GSO6T" time="0.551">
  <properties/>
  <testcase name="testOutputAsJSON()" classname="app.AppTest" time="0.471"/>
  <testcase name="testDiffJSON()" classname="app.AppTest" time="0.023"/>
  <testcase name="testDiffYML()" classname="app.AppTest" time="0.042"/>
  <testcase name="testDiffPlain()" classname="app.AppTest" time="0.013"/>
  <system-out><![CDATA[]]></system-out>
  <system-err><![CDATA[]]></system-err>
</testsuite>
